TN:gcov_report
SF:/Users/sparrvio/SmartCalc/src/calc.c
FN:3,calc
FNDA:0,calc
FNF:1
FNH:0
DA:3,0
DA:4,0
DA:5,0
DA:7,0
DA:8,0
DA:9,0
DA:10,0
DA:11,0
DA:12,0
DA:13,0
DA:14,0
DA:15,0
DA:16,0
DA:17,0
DA:18,0
DA:19,0
DA:20,0
DA:21,0
DA:22,0
DA:23,0
DA:24,0
DA:25,0
DA:26,0
DA:27,0
DA:28,0
DA:29,0
DA:30,0
DA:31,0
DA:32,0
DA:33,0
DA:34,0
DA:35,0
DA:36,0
DA:37,0
DA:38,0
DA:39,0
DA:40,0
DA:41,0
DA:42,0
DA:43,0
DA:44,0
DA:45,0
DA:46,0
DA:47,0
DA:48,0
DA:49,0
DA:50,0
DA:51,0
DA:52,0
DA:53,0
DA:54,0
DA:55,0
DA:56,0
DA:57,0
DA:58,0
DA:59,0
DA:60,0
DA:61,0
DA:62,0
DA:63,0
DA:64,0
DA:65,0
DA:66,0
DA:67,0
DA:68,0
DA:69,0
DA:70,0
DA:71,0
DA:72,0
DA:73,0
DA:74,0
DA:75,0
DA:76,0
DA:77,0
DA:78,0
DA:79,0
DA:80,0
DA:81,0
DA:82,0
DA:83,0
DA:84,0
DA:85,0
DA:86,0
DA:87,0
DA:88,0
DA:89,0
DA:90,0
DA:91,0
DA:93,0
DA:96,0
DA:100,0
LF:91
LH:0
end_of_record
TN:gcov_report
SF:/Users/sparrvio/SmartCalc/src/credit_calc_ann.c
FN:3,credit_calc_ann
FNDA:3,credit_calc_ann
FN:25,every_month
FNDA:2,every_month
FNF:2
FNH:2
DA:3,3
DA:5,3
DA:7,3
DA:8,3
DA:9,3
DA:11,3
DA:12,1
DA:13,3
DA:14,2
DA:15,2
DA:16,2
DA:18,2
DA:19,2
DA:20,2
DA:22,3
DA:25,2
DA:26,2
DA:27,2
DA:28,2
DA:29,2
LF:20
LH:20
end_of_record
TN:gcov_report
SF:/Users/sparrvio/SmartCalc/src/credit_calc_diff.c
FN:3,credit_calc_diff
FNDA:0,credit_calc_diff
FNF:1
FNH:0
DA:3,0
DA:6,0
DA:8,0
DA:9,0
DA:10,0
DA:11,0
DA:12,0
DA:13,0
DA:14,0
DA:15,0
DA:16,0
DA:17,0
DA:19,0
DA:20,0
DA:21,0
DA:22,0
DA:23,0
DA:24,0
DA:27,0
DA:29,0
DA:30,0
DA:31,0
DA:32,0
DA:34,0
LF:24
LH:0
end_of_record
TN:gcov_report
SF:/Users/sparrvio/SmartCalc/src/my_main.c
FN:3,my_main
FNDA:0,my_main
FNF:1
FNH:0
DA:3,0
DA:4,0
DA:6,0
DA:8,0
DA:9,0
DA:10,0
DA:12,0
DA:13,0
DA:14,0
DA:15,0
DA:21,0
LF:11
LH:0
end_of_record
TN:gcov_report
SF:/Users/sparrvio/SmartCalc/src/notation.c
FN:3,notation
FNDA:0,notation
FNF:1
FNH:0
DA:3,0
DA:4,0
DA:5,0
DA:8,0
DA:10,0
DA:13,0
DA:14,0
DA:15,0
DA:16,0
DA:17,0
DA:18,0
DA:19,0
DA:21,0
DA:22,0
DA:23,0
DA:24,0
DA:25,0
DA:26,0
DA:27,0
DA:28,0
DA:29,0
DA:30,0
DA:31,0
DA:32,0
DA:33,0
DA:34,0
DA:35,0
DA:36,0
DA:37,0
DA:38,0
DA:39,0
DA:40,0
DA:41,0
DA:42,0
DA:43,0
DA:44,0
DA:45,0
DA:46,0
DA:47,0
DA:49,0
DA:50,0
DA:51,0
DA:52,0
DA:55,0
DA:56,0
DA:57,0
DA:58,0
DA:59,0
DA:61,0
DA:62,0
DA:63,0
DA:64,0
DA:66,0
DA:67,0
DA:70,0
DA:71,0
DA:72,0
DA:73,0
DA:78,0
DA:79,0
DA:80,0
DA:81,0
DA:82,0
DA:83,0
DA:84,0
DA:87,0
LF:66
LH:0
end_of_record
TN:gcov_report
SF:/Users/sparrvio/SmartCalc/src/parser.c
FN:3,parser
FNDA:0,parser
FN:142,init_struct
FNDA:0,init_struct
FN:151,if_digit
FNDA:0,if_digit
FN:159,print_struct
FNDA:0,print_struct
FN:176,print_struct_for_str
FNDA:0,print_struct_for_str
FNF:5
FNH:0
DA:3,0
DA:4,0
DA:5,0
DA:6,0
DA:7,0
DA:8,0
DA:9,0
DA:10,0
DA:12,0
DA:13,0
DA:14,0
DA:15,0
DA:16,0
DA:17,0
DA:18,0
DA:19,0
DA:20,0
DA:21,0
DA:23,0
DA:24,0
DA:25,0
DA:26,0
DA:28,0
DA:29,0
DA:30,0
DA:31,0
DA:32,0
DA:33,0
DA:34,0
DA:36,0
DA:37,0
DA:38,0
DA:39,0
DA:41,0
DA:42,0
DA:43,0
DA:44,0
DA:45,0
DA:46,0
DA:47,0
DA:48,0
DA:49,0
DA:50,0
DA:51,0
DA:52,0
DA:53,0
DA:54,0
DA:55,0
DA:56,0
DA:57,0
DA:58,0
DA:59,0
DA:60,0
DA:61,0
DA:62,0
DA:63,0
DA:64,0
DA:65,0
DA:66,0
DA:67,0
DA:68,0
DA:69,0
DA:70,0
DA:71,0
DA:72,0
DA:73,0
DA:74,0
DA:75,0
DA:76,0
DA:77,0
DA:78,0
DA:79,0
DA:80,0
DA:81,0
DA:82,0
DA:83,0
DA:84,0
DA:85,0
DA:86,0
DA:87,0
DA:88,0
DA:89,0
DA:90,0
DA:91,0
DA:92,0
DA:93,0
DA:94,0
DA:95,0
DA:96,0
DA:97,0
DA:98,0
DA:99,0
DA:100,0
DA:101,0
DA:102,0
DA:103,0
DA:104,0
DA:105,0
DA:106,0
DA:107,0
DA:108,0
DA:109,0
DA:110,0
DA:111,0
DA:112,0
DA:113,0
DA:114,0
DA:115,0
DA:116,0
DA:117,0
DA:118,0
DA:119,0
DA:120,0
DA:121,0
DA:122,0
DA:123,0
DA:124,0
DA:125,0
DA:126,0
DA:127,0
DA:128,0
DA:129,0
DA:130,0
DA:131,0
DA:132,0
DA:133,0
DA:134,0
DA:135,0
DA:139,0
DA:142,0
DA:143,0
DA:144,0
DA:145,0
DA:146,0
DA:147,0
DA:149,0
DA:151,0
DA:152,0
DA:153,0
DA:154,0
DA:155,0
DA:156,0
DA:157,0
DA:159,0
DA:160,0
DA:161,0
DA:162,0
DA:165,0
DA:168,0
DA:171,0
DA:174,0
DA:176,0
DA:177,0
DA:178,0
DA:179,0
DA:180,0
DA:181,0
DA:182,0
DA:183,0
DA:184,0
DA:185,0
DA:186,0
DA:188,0
DA:189,0
DA:190,0
DA:191,0
DA:192,0
DA:193,0
DA:194,0
DA:195,0
DA:196,0
DA:197,0
DA:198,0
DA:199,0
DA:200,0
DA:201,0
DA:202,0
DA:203,0
DA:204,0
DA:205,0
DA:206,0
DA:207,0
DA:208,0
DA:209,0
DA:210,0
DA:211,0
DA:212,0
DA:213,0
DA:214,0
DA:215,0
DA:216,0
DA:217,0
DA:218,0
DA:219,0
DA:220,0
DA:221,0
DA:222,0
DA:223,0
DA:224,0
DA:225,0
DA:226,0
DA:227,0
DA:228,0
DA:229,0
DA:230,0
DA:231,0
DA:232,0
DA:233,0
DA:234,0
DA:235,0
DA:236,0
DA:237,0
DA:238,0
DA:239,0
DA:240,0
DA:241,0
DA:242,0
DA:243,0
DA:244,0
DA:245,0
DA:246,0
DA:247,0
DA:248,0
DA:249,0
DA:250,0
DA:251,0
DA:254,0
DA:255,0
LF:228
LH:0
end_of_record
TN:gcov_report
SF:/Users/sparrvio/SmartCalc/src/test/test_SmartCalc.c
FN:4,validator_1_fn
FNDA:1,validator_1_fn
FN:11,validator_2_fn
FNDA:1,validator_2_fn
FN:18,validator_3_fn
FNDA:1,validator_3_fn
FN:26,validator_4_fn
FNDA:1,validator_4_fn
FN:33,validator_5_fn
FNDA:1,validator_5_fn
FN:40,validator_6_fn
FNDA:1,validator_6_fn
FN:47,validator_7_fn
FNDA:1,validator_7_fn
FN:54,validator_trig_1_fn
FNDA:1,validator_trig_1_fn
FN:61,validator_trig_2_fn
FNDA:1,validator_trig_2_fn
FN:68,validator_trig_3_fn
FNDA:1,validator_trig_3_fn
FN:75,validator_trig_4_fn
FNDA:1,validator_trig_4_fn
FN:82,validator_trig_5_fn
FNDA:1,validator_trig_5_fn
FN:89,validator_trig_6_fn
FNDA:1,validator_trig_6_fn
FN:96,validator_trig_7_fn
FNDA:1,validator_trig_7_fn
FN:103,validator_trig_8_fn
FNDA:1,validator_trig_8_fn
FN:110,validator_trig_9_fn
FNDA:1,validator_trig_9_fn
FN:117,validator_trig_10_fn
FNDA:1,validator_trig_10_fn
FN:124,validator_other_1_fn
FNDA:1,validator_other_1_fn
FN:131,validator_other_2_fn
FNDA:1,validator_other_2_fn
FN:138,credit_ann_1_fn
FNDA:1,credit_ann_1_fn
FN:159,credit_ann_2_fn
FNDA:1,credit_ann_2_fn
FN:180,credit_ann_3_fn
FNDA:1,credit_ann_3_fn
FN:196,main
FNDA:23,main
FNF:23
FNH:23
DA:4,1
DA:5,1
DA:6,1
DA:7,1
DA:8,1
DA:11,1
DA:12,1
DA:13,1
DA:14,1
DA:15,1
DA:18,1
DA:19,1
DA:20,1
DA:21,1
DA:22,1
DA:26,1
DA:27,1
DA:28,1
DA:29,1
DA:30,1
DA:33,1
DA:34,1
DA:35,1
DA:36,1
DA:37,1
DA:40,1
DA:41,1
DA:42,1
DA:43,1
DA:44,1
DA:47,1
DA:48,1
DA:49,1
DA:50,1
DA:51,1
DA:54,1
DA:55,1
DA:56,1
DA:57,1
DA:58,1
DA:61,1
DA:62,1
DA:63,1
DA:64,1
DA:65,1
DA:68,1
DA:69,1
DA:70,1
DA:71,1
DA:72,1
DA:75,1
DA:76,1
DA:77,1
DA:78,1
DA:79,1
DA:82,1
DA:83,1
DA:84,1
DA:85,1
DA:86,1
DA:89,1
DA:90,1
DA:91,1
DA:92,1
DA:93,1
DA:96,1
DA:97,1
DA:98,1
DA:99,1
DA:100,1
DA:103,1
DA:104,1
DA:105,1
DA:106,1
DA:107,1
DA:110,1
DA:111,1
DA:112,1
DA:113,1
DA:114,1
DA:117,1
DA:118,1
DA:119,1
DA:120,1
DA:121,1
DA:124,1
DA:125,1
DA:126,1
DA:127,1
DA:128,1
DA:131,1
DA:132,1
DA:133,1
DA:134,1
DA:135,1
DA:138,1
DA:139,1
DA:140,1
DA:141,1
DA:146,1
DA:147,1
DA:148,1
DA:149,1
DA:152,1
DA:153,1
DA:154,1
DA:156,1
DA:159,1
DA:160,1
DA:161,1
DA:162,1
DA:167,1
DA:168,1
DA:169,1
DA:170,1
DA:173,1
DA:174,1
DA:175,1
DA:177,1
DA:180,1
DA:181,1
DA:182,1
DA:183,1
DA:187,1
DA:190,1
DA:192,1
DA:196,23
DA:197,23
DA:198,23
DA:199,23
DA:201,23
DA:202,23
DA:203,23
DA:204,23
DA:205,23
DA:206,23
DA:207,23
DA:208,23
DA:209,23
DA:210,23
DA:211,23
DA:212,23
DA:213,23
DA:214,23
DA:215,23
DA:216,23
DA:217,23
DA:218,23
DA:219,23
DA:220,23
DA:221,23
DA:222,23
DA:223,23
DA:226,23
DA:227,1
DA:228,1
DA:230,1
LF:157
LH:157
end_of_record
TN:gcov_report
SF:/Users/sparrvio/SmartCalc/src/validator.c
FN:3,validator
FNDA:19,validator
FNF:1
FNH:1
DA:3,19
DA:4,19
DA:6,19
DA:9,19
DA:10,19
DA:11,19
DA:12,19
DA:13,19
DA:15,19
DA:16,19
DA:17,19
DA:20,19
DA:21,19
DA:23,696
DA:25,677
DA:26,99
DA:27,578
DA:28,101
DA:30,677
DA:32,677
DA:33,6
DA:36,677
DA:37,125
DA:38,1
DA:41,677
DA:42,1
DA:45,677
DA:46,10
DA:47,1
DA:54,677
DA:55,54
DA:56,1
DA:59,677
DA:60,1
DA:64,677
DA:65,54
DA:66,12
DA:69,677
DA:70,10
DA:71,10
DA:72,10
DA:73,10
DA:75,677
DA:76,5
DA:77,5
DA:78,5
DA:79,5
DA:81,677
DA:82,10
DA:83,10
DA:84,10
DA:85,10
DA:87,677
DA:88,10
DA:89,10
DA:90,10
DA:91,10
DA:92,10
DA:93,10
DA:95,677
DA:96,10
DA:97,10
DA:98,10
DA:99,10
DA:100,10
DA:101,10
DA:103,677
DA:104,10
DA:105,10
DA:106,10
DA:107,10
DA:108,10
DA:109,10
DA:111,677
DA:112,10
DA:113,10
DA:114,10
DA:115,10
DA:116,10
DA:117,10
DA:119,677
DA:120,10
DA:122,677
DA:123,10
DA:124,10
DA:125,10
DA:126,10
DA:127,10
DA:129,677
DA:130,11
DA:131,11
DA:132,11
DA:133,11
DA:140,19
DA:142,19
LF:95
LH:95
end_of_record
